2025-04-10 17:36:45,992 [Worker-7: Loading available Gradle versions] INFO  o.e.b.c.i.u.g.PublishedGradleVersions - Gradle version information cache is not available. Remote download required.
2025-04-10 17:37:22,638 [Worker-15: Update Maven projects configuration] INFO  o.e.m.c.i.p.ProjectConfigurationManager - Update started
2025-04-10 17:37:23,718 [Worker-15: Update Maven projects configuration] INFO  o.e.m.c.i.l.LifecycleMappingFactory - Using org.eclipse.m2e.jdt.JarLifecycleMapping lifecycle mapping for MavenProject: com.pixelpulse:oauth2:0.0.1-SNAPSHOT @ D:\6cCiclo\servicesWeb02\FinalOAuth2\oauth2\pom.xml.
2025-04-10 17:37:24,480 [Worker-15: Update Maven projects configuration] INFO  o.e.m.j.i.AbstractJavaProjectConfigurator - Adding source folder /oauth2/src/main/java
2025-04-10 17:37:24,482 [Worker-15: Update Maven projects configuration] INFO  o.e.m.j.i.AbstractJavaProjectConfigurator - Adding resource folder /oauth2/src/main/resources
2025-04-10 17:37:24,486 [Worker-15: Update Maven projects configuration] INFO  o.e.m.j.i.AbstractJavaProjectConfigurator - Adding resource folder /oauth2/src/main/resources
2025-04-10 17:37:24,490 [Worker-15: Update Maven projects configuration] INFO  o.e.m.j.i.AbstractJavaProjectConfigurator - Adding source folder /oauth2/src/test/java
2025-04-10 17:37:24,491 [Worker-15: Update Maven projects configuration] INFO  o.e.m.j.i.AbstractJavaProjectConfigurator - Adding resource folder /oauth2/src/test/resources
2025-04-10 17:37:25,548 [Worker-15: Update Maven projects configuration] INFO  o.e.m.c.i.p.ProjectConfigurationManager - Update completed for 1 poms: local refresh takes 0.00 sec, refresh facades takes 1.00 sec, update config takes 1.00 sec 
2025-04-10 17:37:25,874 [Worker-0: Building] INFO  o.a.m.s.f.DefaultMavenResourcesFiltering - Copying 1 resource from src\main\resources to target\classes
2025-04-10 17:37:25,884 [Worker-0: Building] INFO  o.a.m.s.f.DefaultMavenResourcesFiltering - Copying 0 resource from src\main\resources to target\classes
2025-04-10 17:37:25,889 [Worker-0: Building] INFO  o.a.m.s.f.DefaultMavenResourcesFiltering - skip non existing resourceDirectory D:\6cCiclo\servicesWeb02\FinalOAuth2\oauth2\src\test\resources
2025-04-10 17:37:43,944 [Worker-5: Building] INFO  o.e.m.c.i.l.LifecycleMappingFactory - Using org.maven.ide.eclipse.wtp.WarLifecycleMapping lifecycle mapping for MavenProject: com.pixelpulse:oauth2resourse:0.0.1-SNAPSHOT @ D:\6cCiclo\servicesWeb02\FinalOAuth2\oauth2resourse\pom.xml.
2025-04-10 17:37:44,725 [Worker-5: Building] INFO  o.a.m.s.f.DefaultMavenResourcesFiltering - Copying 1 resource from src\main\resources to target\classes
2025-04-10 17:37:44,748 [Worker-5: Building] INFO  o.a.m.s.f.DefaultMavenResourcesFiltering - Copying 0 resource from src\main\resources to target\classes
2025-04-10 17:37:44,750 [Worker-5: Building] INFO  o.a.m.s.f.DefaultMavenResourcesFiltering - skip non existing resourceDirectory D:\6cCiclo\servicesWeb02\FinalOAuth2\oauth2resourse\src\test\resources
2025-04-10 17:37:45,131 [Worker-7: Building] INFO  o.a.m.s.f.DefaultMavenResourcesFiltering - Copying 1 resource from src\main\resources to target\classes
2025-04-10 17:37:45,132 [Worker-7: Building] INFO  o.a.m.s.f.DefaultMavenResourcesFiltering - Copying 0 resource from src\main\resources to target\classes
2025-04-10 17:37:45,134 [Worker-7: Building] INFO  o.a.m.s.f.DefaultMavenResourcesFiltering - skip non existing resourceDirectory D:\6cCiclo\servicesWeb02\FinalOAuth2\oauth2resourse\src\test\resources
2025-04-10 17:37:45,150 [Worker-7: Building] INFO  o.e.m.w.i.f.ResourceFilteringBuildParticipant - Changed resources require a complete clean of filtered resources of oauth2resourse
2025-04-10 17:37:45,150 [Worker-7: Building] INFO  o.e.m.w.i.f.ResourceFilteringBuildParticipant - Executing resource filtering for oauth2resourse
2025-04-10 17:37:45,508 [Worker-3: Updating Maven Dependencies] INFO  o.e.m.c.i.l.LifecycleMappingFactory - Using org.maven.ide.eclipse.wtp.WarLifecycleMapping lifecycle mapping for MavenProject: com.pixelpulse:oauth2resourse:0.0.1-SNAPSHOT @ D:\6cCiclo\servicesWeb02\FinalOAuth2\oauth2resourse\pom.xml.
2025-04-12 15:23:29,785 [Worker-2: Loading available Gradle versions] INFO  o.e.b.c.i.u.g.PublishedGradleVersions - Gradle version information cache is out-of-date. Trying to update.
2025-04-12 15:35:20,542 [Start Help Server] INFO  org.eclipse.jetty.server.Server - jetty-12.0.15; built: 2024-11-05T19:44:57.623Z; git: 8281ae9740d4b4225e8166cc476bad237c70213a; jvm 21.0.5+11-LTS
2025-04-12 15:35:20,586 [Start Help Server] INFO  o.e.j.server.handler.ContextHandler - Started oeje8n.ContextHandler$CoreContextHandler@78f52c96{/help,/help,b=null,a=AVAILABLE,h=oeje8n.ContextHandler$CoreContextHandler$CoreToNestedHandler@6268fbb0{STARTED}}
2025-04-12 15:35:20,586 [Start Help Server] INFO  o.e.j.s.DefaultSessionIdManager - Session workerName=node0
2025-04-12 15:35:20,613 [Start Help Server] INFO  o.e.jetty.server.AbstractConnector - Started ServerConnector@903cb84{HTTP/1.1, (http/1.1)}{127.0.0.1:50250}
2025-04-12 15:35:20,628 [Start Help Server] INFO  org.eclipse.jetty.server.Server - Started oejs.Server@4898543b{STARTING}[12.0.15,sto=0] @739719ms
2025-04-12 15:44:19,772 [Worker-19: Building] INFO  o.a.m.s.f.DefaultMavenResourcesFiltering - Copying 1 resource from src\main\resources to target\classes
2025-04-12 15:44:19,796 [Worker-19: Building] INFO  o.a.m.s.f.DefaultMavenResourcesFiltering - Copying 0 resource from src\main\resources to target\classes
2025-04-12 15:44:19,799 [Worker-19: Building] INFO  o.a.m.s.f.DefaultMavenResourcesFiltering - skip non existing resourceDirectory D:\6cCiclo\servicesWeb02\FinalOAuth2\oauth2resourse\src\test\resources
2025-04-12 15:44:21,519 [Worker-19: Building] INFO  o.a.m.s.f.DefaultMavenResourcesFiltering - Copying 1 resource from src\main\resources to target\classes
2025-04-12 15:44:21,525 [Worker-19: Building] INFO  o.a.m.s.f.DefaultMavenResourcesFiltering - Copying 0 resource from src\main\resources to target\classes
2025-04-12 15:44:21,528 [Worker-19: Building] INFO  o.a.m.s.f.DefaultMavenResourcesFiltering - skip non existing resourceDirectory D:\6cCiclo\servicesWeb02\FinalOAuth2\oauth2resourse\src\test\resources
2025-04-12 15:59:34,173 [Worker-22: Building] INFO  o.a.m.s.f.DefaultMavenResourcesFiltering - Copying 1 resource from src\main\resources to target\classes
2025-04-12 15:59:34,175 [Worker-22: Building] INFO  o.a.m.s.f.DefaultMavenResourcesFiltering - Copying 0 resource from src\main\resources to target\classes
2025-04-12 15:59:34,177 [Worker-22: Building] INFO  o.a.m.s.f.DefaultMavenResourcesFiltering - skip non existing resourceDirectory D:\6cCiclo\servicesWeb02\FinalOAuth2\oauth2resourse\src\test\resources
2025-04-12 17:11:22,570 [Worker-25: Building] INFO  o.a.m.s.f.DefaultMavenResourcesFiltering - Copying 1 resource from src\main\resources to target\classes
2025-04-12 17:11:22,577 [Worker-25: Building] INFO  o.a.m.s.f.DefaultMavenResourcesFiltering - Copying 0 resource from src\main\resources to target\classes
2025-04-12 17:11:22,581 [Worker-25: Building] INFO  o.a.m.s.f.DefaultMavenResourcesFiltering - skip non existing resourceDirectory D:\6cCiclo\servicesWeb02\FinalOAuth2\oauth2\src\test\resources
2025-04-12 17:11:24,004 [Worker-29: Building] INFO  o.a.m.s.f.DefaultMavenResourcesFiltering - Copying 1 resource from src\main\resources to target\classes
2025-04-12 17:11:24,009 [Worker-29: Building] INFO  o.a.m.s.f.DefaultMavenResourcesFiltering - Copying 0 resource from src\main\resources to target\classes
2025-04-12 17:11:24,011 [Worker-29: Building] INFO  o.a.m.s.f.DefaultMavenResourcesFiltering - skip non existing resourceDirectory D:\6cCiclo\servicesWeb02\FinalOAuth2\oauth2\src\test\resources
2025-04-12 17:11:43,902 [Worker-24: Building] INFO  o.a.m.s.f.DefaultMavenResourcesFiltering - Copying 1 resource from src\main\resources to target\classes
2025-04-12 17:11:43,903 [Worker-24: Building] INFO  o.a.m.s.f.DefaultMavenResourcesFiltering - Copying 0 resource from src\main\resources to target\classes
2025-04-12 17:11:43,905 [Worker-24: Building] INFO  o.a.m.s.f.DefaultMavenResourcesFiltering - skip non existing resourceDirectory D:\6cCiclo\servicesWeb02\FinalOAuth2\oauth2\src\test\resources
2025-04-12 17:27:51,189 [Worker-24: Building] INFO  o.a.m.s.f.DefaultMavenResourcesFiltering - Copying 1 resource from src\main\resources to target\classes
2025-04-12 17:27:51,191 [Worker-24: Building] INFO  o.a.m.s.f.DefaultMavenResourcesFiltering - Copying 0 resource from src\main\resources to target\classes
2025-04-12 17:27:51,193 [Worker-24: Building] INFO  o.a.m.s.f.DefaultMavenResourcesFiltering - skip non existing resourceDirectory D:\6cCiclo\servicesWeb02\FinalOAuth2\oauth2resourse\src\test\resources
2025-04-12 17:31:55,839 [Worker-28: Building] INFO  o.a.m.s.f.DefaultMavenResourcesFiltering - Copying 1 resource from src\main\resources to target\classes
2025-04-12 17:31:55,841 [Worker-28: Building] INFO  o.a.m.s.f.DefaultMavenResourcesFiltering - Copying 0 resource from src\main\resources to target\classes
2025-04-12 17:31:55,843 [Worker-28: Building] INFO  o.a.m.s.f.DefaultMavenResourcesFiltering - skip non existing resourceDirectory D:\6cCiclo\servicesWeb02\FinalOAuth2\oauth2resourse\src\test\resources
2025-04-12 17:34:48,005 [Stop Help Server] INFO  org.eclipse.jetty.server.Server - Stopped oejs.Server@4898543b{STOPPING}[12.0.15,sto=0]
2025-04-12 17:34:48,008 [Stop Help Server] INFO  o.e.jetty.server.AbstractConnector - Stopped ServerConnector@903cb84{HTTP/1.1, (http/1.1)}{127.0.0.1:0}
